/**log for talking about the movie "The Matrix"[2025-02-06T21:05:09.621Z] [LOG] borp: initializing client {
  "agentId": "795df77f-1620-07db-bd9a-0e2dfefef248",
  "characterName": "Trump"
}
[2025-02-06T21:05:09.634Z] [LOG] Starting Borp task processing {
  "startTime": "Feb 6, 2025, 9:05:09 PM GMT"
}
[2025-02-06T21:05:14.636Z] [LOG] Starting structured content generation {
  "subject": "talking about the movie The Matrix",
  "startTime": "2/6/2025, 9:05:14 PM"
}
[2025-02-06T21:05:18.435Z] [LOG] Content plan initialized: {
  "plan": {
    "topic": "Exploring the philosophical themes and cultural impact of The Matrix",
    "goal": "To entertain and provoke thought about reality and perception",
    "steps": [
      "Introduce the basic plot and characters of The Matrix",
      "Discuss the philosophical questions the movie raises about reality",
      "Explore the cultural impact and influence on other films and media",
      "Encourage viewers to rewatch the film with a new perspective"
    ],
    "currentStep": 1,
    "isComplete": false
  },
  "firstThought": "The Matrix isn't just a movie; it's a phenomenon that questions reality itself."
}
[2025-02-06T21:05:22.259Z] [LOG] Content progress: {
  "step": 2,
  "totalSteps": 4,
  "thought": "Building on its questioning of reality, At its core, The Matrix follows Neo, a hacker, who discovers the truth about reality."
}
[2025-02-06T21:05:25.498Z] [LOG] Content progress: {
  "step": 3,
  "totalSteps": 4,
  "thought": "As Neo's journey unfolds, It challenges us to consider the nature of our own existence."
}
[2025-02-06T21:05:28.997Z] [LOG] Content progress: {
  "step": 4,
  "totalSteps": 4,
  "thought": "This cultural impact shows how deeply it resonated. The Matrix influenced countless films and media, inspiring a wave of sci-fi thrillers."
}
[2025-02-06T21:05:28.998Z] [LOG] Content Generation Completed: {
  "subject": "talking about the movie The Matrix",
  "goal": "To entertain and provoke thought about reality and perception",
  "totalSteps": 4,
  "content": {
    "summary": "Content generated successfully",
    "steps": [
      "Introduce the basic plot and characters of The Matrix",
      "Discuss the philosophical questions the movie raises about reality",
      "Explore the cultural impact and influence on other films and media",
      "Encourage viewers to rewatch the film with a new perspective"
    ],
    "narrative": [
      {
        "step": 1,
        "stepName": "Introduce the basic plot and characters of The Matrix",
        "content": "The Matrix isn't just a movie; it's a phenomenon that questions reality itself."
      },
      {
        "step": 2,
        "stepName": "Discuss the philosophical questions the movie raises about reality",
        "content": "At its core, The Matrix follows Neo, a hacker, who discovers the truth about reality."
      },
      {
        "step": 3,
        "stepName": "Explore the cultural impact and influence on other films and media",
        "content": "It challenges us to consider the nature of our own existence."
      },
      {
        "step": 4,
        "stepName": "Encourage viewers to rewatch the film with a new perspective",
        "content": "The Matrix influenced countless films and media, inspiring a wave of sci-fi thrillers."
      }
    ],
    "fullText": "The Matrix isn't just a movie; it's a phenomenon that questions reality itself.\n\nAt its core, The Matrix follows Neo, a hacker, who discovers the truth about reality.\n\nIt challenges us to consider the nature of our own existence.\n\nThe Matrix influenced countless films and media, inspiring a wave of sci-fi thrillers."
  },
  "finalState": {
    "totalSteps": 4,
    "completedSteps": 4,
    "goal": "To entertain and provoke thought about reality and perception"
  }
}

