/**log for presenting a new product and how it works and how it can help people with encourage people to buy it[2025-02-06T21:08:04.936Z] [LOG] borp: initializing client {
  "agentId": "795df77f-1620-07db-bd9a-0e2dfefef248",
  "characterName": "Trump"
}
[2025-02-06T21:08:04.955Z] [LOG] Starting Borp task processing {
  "startTime": "Feb 6, 2025, 9:08:04 PM GMT"
}
[2025-02-06T21:08:09.957Z] [LOG] Starting structured content generation {
  "subject": "presenting a new product and how it works and how it can help people with encourage people to buy it",
  "startTime": "2/6/2025, 9:08:09 PM"
}
[2025-02-06T21:08:17.993Z] [LOG] Content plan initialized: {
  "plan": {
    "topic": "Introducing and demonstrating a new product",
    "goal": "Persuade viewers to understand and purchase the product",
    "steps": [
      "Introduce the product and its purpose",
      "Explain how the product works with a live demonstration",
      "Highlight the benefits and unique features",
      "Share testimonials and real-life success stories",
      "Provide a special offer or discount for viewers",
      "Engage with viewer questions and feedback",
      "Summarize key points and reinforce the product's value",
      "Create urgency with limited-time offer",
      "Conclude with a call to action"
    ],
    "currentStep": 1,
    "isComplete": false
  },
  "firstThought": "Welcome to today's exciting livestream where we'll unveil a revolutionary product that will transform your daily life!"
}
[2025-02-06T21:08:22.029Z] [LOG] Content progress: {
  "step": 2,
  "totalSteps": 9,
  "thought": "As we dive deeper into this exciting reveal, Introducing the amazing LifeEase, designed to simplify your everyday tasks effortlessly."
}
[2025-02-06T21:08:25.711Z] [LOG] Content progress: {
  "step": 3,
  "totalSteps": 9,
  "thought": "After introducing LifeEase, it's time to show its functionality. Now, let's dive into how LifeEase works with a live demo."
}
[2025-02-06T21:08:29.770Z] [LOG] Content progress: {
  "step": 4,
  "totalSteps": 9,
  "thought": "After seeing how it works, let's explore its standout features. LifeEase offers unmatched convenience with its intuitive design, saving you time and energy every day."
}
[2025-02-06T21:08:33.569Z] [LOG] Content progress: {
  "step": 5,
  "totalSteps": 9,
  "thought": "As we explore the practical benefits, Hear from Sarah, a busy mom who found LifeEase indispensable for managing her household."
}
[2025-02-06T21:08:38.144Z] [LOG] Content progress: {
  "step": 6,
  "totalSteps": 9,
  "thought": "After hearing how LifeEase has transformed lives, And now, just for our incredible livestream audience, we’re thrilled to offer an exclusive 20% discount on LifeEase for the next 48 hours!"
}
[2025-02-06T21:08:42.307Z] [LOG] Content progress: {
  "step": 7,
  "totalSteps": 9,
  "thought": "After hearing from Sarah, I see we've got some great questions coming in. Let's take a moment to address some of your questions about LifeEase."
}
[2025-02-06T21:08:46.200Z] [LOG] Content progress: {
  "step": 8,
  "totalSteps": 9,
  "thought": "After hearing Sarah's story and the exclusive offer, let's recap. Remember, LifeEase is more than just a product; it's a lifestyle upgrade."
}
[2025-02-06T21:08:50.411Z] [LOG] Content progress: {
  "step": 9,
  "totalSteps": 9,
  "thought": "And with that exclusive offer in mind, consider this: Act now before the 48-hour window closes and experience the LifeEase transformation firsthand!"
}
[2025-02-06T21:08:50.412Z] [LOG] Content Generation Completed: {
  "subject": "presenting a new product and how it works and how it can help people with encourage people to buy it",
  "goal": "Persuade viewers to understand and purchase the product",
  "totalSteps": 9,
  "content": {
    "summary": "Content generated successfully",
    "steps": [
      "Introduce the product and its purpose",
      "Explain how the product works with a live demonstration",
      "Highlight the benefits and unique features",
      "Share testimonials and real-life success stories",
      "Provide a special offer or discount for viewers",
      "Engage with viewer questions and feedback",
      "Summarize key points and reinforce the product's value",
      "Create urgency with limited-time offer",
      "Conclude with a call to action"
    ],
    "narrative": [
      {
        "step": 1,
        "stepName": "Introduce the product and its purpose",
        "content": "Welcome to today's exciting livestream where we'll unveil a revolutionary product that will transform your daily life!"
      },
      {
        "step": 2,
        "stepName": "Explain how the product works with a live demonstration",
        "content": "Introducing the amazing LifeEase, designed to simplify your everyday tasks effortlessly."
      },
      {
        "step": 3,
        "stepName": "Highlight the benefits and unique features",
        "content": "Now, let's dive into how LifeEase works with a live demo."
      },
      {
        "step": 4,
        "stepName": "Share testimonials and real-life success stories",
        "content": "LifeEase offers unmatched convenience with its intuitive design, saving you time and energy every day."
      },
      {
        "step": 5,
        "stepName": "Provide a special offer or discount for viewers",
        "content": "Hear from Sarah, a busy mom who found LifeEase indispensable for managing her household."
      },
      {
        "step": 6,
        "stepName": "Engage with viewer questions and feedback",
        "content": "And now, just for our incredible livestream audience, we’re thrilled to offer an exclusive 20% discount on LifeEase for the next 48 hours!"
      },
      {
        "step": 7,
        "stepName": "Summarize key points and reinforce the product's value",
        "content": "Let's take a moment to address some of your questions about LifeEase."
      },
      {
        "step": 8,
        "stepName": "Create urgency with limited-time offer",
        "content": "Remember, LifeEase is more than just a product; it's a lifestyle upgrade."
      },
      {
        "step": 9,
        "stepName": "Conclude with a call to action",
        "content": "Act now before the 48-hour window closes and experience the LifeEase transformation firsthand!"
      }
    ],
    "fullText": "Welcome to today's exciting livestream where we'll unveil a revolutionary product that will transform your daily life!\n\nIntroducing the amazing LifeEase, designed to simplify your everyday tasks effortlessly.\n\nNow, let's dive into how LifeEase works with a live demo.\n\nLifeEase offers unmatched convenience with its intuitive design, saving you time and energy every day.\n\nHear from Sarah, a busy mom who found LifeEase indispensable for managing her household.\n\nAnd now, just for our incredible livestream audience, we’re thrilled to offer an exclusive 20% discount on LifeEase for the next 48 hours!\n\nLet's take a moment to address some of your questions about LifeEase.\n\nRemember, LifeEase is more than just a product; it's a lifestyle upgrade.\n\nAct now before the 48-hour window closes and experience the LifeEase transformation firsthand!"
  },
  "finalState": {
    "totalSteps": 9,
    "completedSteps": 9,
    "goal": "Persuade viewers to understand and purchase the product"
  }
}